<?xml version="1.0" encoding="UTF-8"?>
<!-- Generated by org.testng.reporters.JUnitReportReporter -->
<testsuite hostname="ARUN10WIN" name="com.koovs.qa.testcases.LoginPageTest" tests="1" failures="0" timestamp="7 Dec 2018 11:56:05 GMT" time="53.583" errors="0">
  <testcase name="loginPasswordValidationBtn" time="53.583" classname="com.koovs.qa.testcases.LoginPageTest"/>
</testsuite> <!-- com.koovs.qa.testcases.LoginPageTest -->
